2022-02-04 21:31:26,963 INFO       client.py              Получено сообщение для пользователя ME
2022-02-04 21:31:26,963 DEBUG      my_decorators.py       Вызвана функция create_presence с аргументами ((), {}).Вызов произведён из функции main()
2022-02-04 21:31:26,963 DEBUG      client.py              Сообщение от сервера: {'response': 200}
2022-02-04 21:31:26,963 DEBUG      client.py              Сообщение {'response': 200} успешно разобрано
2022-02-04 21:31:26,963 DEBUG      my_decorators.py       Вызвана функция process_ans с аргументами (({'response': 200},), {}).Вызов произведён из функции main()
2022-02-04 21:31:26,963 INFO       client.py              Принято сообщение от сервера: 200 : OK
2022-02-09 15:52:33,088 DEBUG      my_decorators.py       Вызвана функция arg_parser с аргументами ((), {}).Вызов произведён из функции main()
2022-02-09 15:52:33,088 INFO       client.py              Получено сообщение для пользователя ME
2022-02-09 15:52:33,088 DEBUG      my_decorators.py       Вызвана функция create_presence с аргументами ((), {}).Вызов произведён из функции main()
2022-02-09 15:52:33,184 DEBUG      my_decorators.py       Вызвана функция arg_parser с аргументами ((), {}).Вызов произведён из функции main()
2022-02-09 15:52:33,184 INFO       client.py              Получено сообщение для пользователя ME
2022-02-09 15:52:33,184 DEBUG      my_decorators.py       Вызвана функция create_presence с аргументами ((), {}).Вызов произведён из функции main()
2022-02-09 15:52:33,200 DEBUG      client.py              Сообщение от сервера: {'response': 200}
2022-02-09 15:52:33,200 DEBUG      client.py              Сообщение {'response': 200} успешно разобрано
2022-02-09 15:52:33,200 DEBUG      my_decorators.py       Вызвана функция process_ans с аргументами (({'response': 200},), {}).Вызов произведён из функции main()
2022-02-09 15:52:33,200 INFO       client.py              Принято сообщение от сервера: 200 : OK
2022-02-09 15:52:33,215 DEBUG      my_decorators.py       Вызвана функция arg_parser с аргументами ((), {}).Вызов произведён из функции main()
2022-02-09 15:52:33,215 INFO       client.py              Получено сообщение для пользователя ME
2022-02-09 15:52:33,215 DEBUG      my_decorators.py       Вызвана функция create_presence с аргументами ((), {}).Вызов произведён из функции main()
2022-02-09 15:52:33,215 DEBUG      client.py              Сообщение от сервера: {'response': 200}
2022-02-09 15:52:33,215 DEBUG      client.py              Сообщение {'response': 200} успешно разобрано
2022-02-09 15:52:33,215 DEBUG      my_decorators.py       Вызвана функция process_ans с аргументами (({'response': 200},), {}).Вызов произведён из функции main()
2022-02-09 15:52:33,215 INFO       client.py              Принято сообщение от сервера: 200 : OK
2022-02-09 15:52:33,372 DEBUG      my_decorators.py       Вызвана функция arg_parser с аргументами ((), {}).Вызов произведён из функции main()
2022-02-09 15:52:33,372 INFO       client.py              Получено сообщение для пользователя ME
2022-02-09 15:52:33,372 DEBUG      my_decorators.py       Вызвана функция create_presence с аргументами ((), {}).Вызов произведён из функции main()
2022-02-09 15:52:33,372 DEBUG      client.py              Сообщение от сервера: {'response': 200}
2022-02-09 15:52:33,372 DEBUG      client.py              Сообщение {'response': 200} успешно разобрано
2022-02-09 15:52:33,372 DEBUG      my_decorators.py       Вызвана функция process_ans с аргументами (({'response': 200},), {}).Вызов произведён из функции main()
2022-02-09 15:52:33,372 INFO       client.py              Принято сообщение от сервера: 200 : OK
2022-02-09 15:52:33,372 DEBUG      my_decorators.py       Вызвана функция arg_parser с аргументами ((), {}).Вызов произведён из функции main()
2022-02-09 15:52:33,372 DEBUG      client.py              Сообщение от сервера: {'response': 200}
2022-02-09 15:52:33,372 DEBUG      client.py              Сообщение {'response': 200} успешно разобрано
2022-02-09 15:52:33,372 DEBUG      my_decorators.py       Вызвана функция process_ans с аргументами (({'response': 200},), {}).Вызов произведён из функции main()
2022-02-09 15:52:33,372 INFO       client.py              Принято сообщение от сервера: 200 : OK
2022-02-09 15:52:33,372 INFO       client.py              Получено сообщение для пользователя ME
2022-02-09 15:52:33,372 DEBUG      my_decorators.py       Вызвана функция create_presence с аргументами ((), {}).Вызов произведён из функции main()
2022-02-09 15:52:33,387 DEBUG      my_decorators.py       Вызвана функция arg_parser с аргументами ((), {}).Вызов произведён из функции main()
2022-02-09 15:52:33,387 INFO       client.py              Получено сообщение для пользователя ME
2022-02-09 15:52:33,387 DEBUG      my_decorators.py       Вызвана функция create_presence с аргументами ((), {}).Вызов произведён из функции main()
2022-02-09 15:52:33,387 DEBUG      client.py              Сообщение от сервера: {'response': 200}
2022-02-09 15:52:33,387 DEBUG      client.py              Сообщение {'response': 200} успешно разобрано
2022-02-09 15:52:33,387 DEBUG      my_decorators.py       Вызвана функция process_ans с аргументами (({'response': 200},), {}).Вызов произведён из функции main()
2022-02-09 15:52:33,387 INFO       client.py              Принято сообщение от сервера: 200 : OK
2022-02-09 15:52:33,387 DEBUG      my_decorators.py       Вызвана функция arg_parser с аргументами ((), {}).Вызов произведён из функции main()
2022-02-09 15:52:33,387 INFO       client.py              Получено сообщение для пользователя ME
2022-02-09 15:52:33,387 DEBUG      my_decorators.py       Вызвана функция create_presence с аргументами ((), {}).Вызов произведён из функции main()
2022-02-09 15:52:33,387 DEBUG      client.py              Сообщение от сервера: {'response': 200}
2022-02-09 15:52:33,387 DEBUG      client.py              Сообщение {'response': 200} успешно разобрано
2022-02-09 15:52:33,387 DEBUG      my_decorators.py       Вызвана функция process_ans с аргументами (({'response': 200},), {}).Вызов произведён из функции main()
2022-02-09 15:52:33,403 INFO       client.py              Принято сообщение от сервера: 200 : OK
2022-02-09 15:52:33,900 DEBUG      client.py              Сообщение от сервера: {'response': 200}
2022-02-09 15:52:33,900 DEBUG      client.py              Сообщение {'response': 200} успешно разобрано
2022-02-09 15:52:33,900 DEBUG      my_decorators.py       Вызвана функция process_ans с аргументами (({'response': 200},), {}).Вызов произведён из функции main()
2022-02-09 15:52:33,900 INFO       client.py              Принято сообщение от сервера: 200 : OK
2022-02-09 15:52:54,216 DEBUG      my_decorators.py       Вызвана функция arg_parser с аргументами ((), {}).Вызов произведён из функции main()
2022-02-09 15:52:54,216 DEBUG      my_decorators.py       Вызвана функция arg_parser с аргументами ((), {}).Вызов произведён из функции main()
2022-02-09 15:52:54,216 INFO       client.py              Получено сообщение для пользователя ME
2022-02-09 15:52:54,216 DEBUG      my_decorators.py       Вызвана функция create_presence с аргументами ((), {}).Вызов произведён из функции main()
2022-02-09 15:52:54,216 INFO       client.py              Получено сообщение для пользователя ME
2022-02-09 15:52:54,216 DEBUG      my_decorators.py       Вызвана функция create_presence с аргументами ((), {}).Вызов произведён из функции main()
2022-02-09 15:52:54,216 DEBUG      client.py              Сообщение от сервера: {'response': 200}
2022-02-09 15:52:54,216 DEBUG      client.py              Сообщение {'response': 200} успешно разобрано
2022-02-09 15:52:54,216 DEBUG      my_decorators.py       Вызвана функция process_ans с аргументами (({'response': 200},), {}).Вызов произведён из функции main()
2022-02-09 15:52:54,216 INFO       client.py              Принято сообщение от сервера: 200 : OK
2022-02-09 15:52:54,216 DEBUG      my_decorators.py       Вызвана функция arg_parser с аргументами ((), {}).Вызов произведён из функции main()
2022-02-09 15:52:54,216 INFO       client.py              Получено сообщение для пользователя ME
2022-02-09 15:52:54,216 DEBUG      my_decorators.py       Вызвана функция create_presence с аргументами ((), {}).Вызов произведён из функции main()
2022-02-09 15:52:54,216 DEBUG      client.py              Сообщение от сервера: {'response': 200}
2022-02-09 15:52:54,216 DEBUG      client.py              Сообщение {'response': 200} успешно разобрано
2022-02-09 15:52:54,216 DEBUG      my_decorators.py       Вызвана функция process_ans с аргументами (({'response': 200},), {}).Вызов произведён из функции main()
2022-02-09 15:52:54,216 INFO       client.py              Принято сообщение от сервера: 200 : OK
2022-02-09 15:52:54,216 DEBUG      my_decorators.py       Вызвана функция arg_parser с аргументами ((), {}).Вызов произведён из функции main()
2022-02-09 15:52:54,216 INFO       client.py              Получено сообщение для пользователя ME
2022-02-09 15:52:54,216 DEBUG      my_decorators.py       Вызвана функция create_presence с аргументами ((), {}).Вызов произведён из функции main()
2022-02-09 15:52:54,216 DEBUG      client.py              Сообщение от сервера: {'response': 200}
2022-02-09 15:52:54,216 DEBUG      client.py              Сообщение {'response': 200} успешно разобрано
2022-02-09 15:52:54,216 DEBUG      my_decorators.py       Вызвана функция process_ans с аргументами (({'response': 200},), {}).Вызов произведён из функции main()
2022-02-09 15:52:54,216 INFO       client.py              Принято сообщение от сервера: 200 : OK
2022-02-09 15:52:54,216 DEBUG      my_decorators.py       Вызвана функция arg_parser с аргументами ((), {}).Вызов произведён из функции main()
2022-02-09 15:52:54,216 INFO       client.py              Получено сообщение для пользователя ME
2022-02-09 15:52:54,216 DEBUG      my_decorators.py       Вызвана функция create_presence с аргументами ((), {}).Вызов произведён из функции main()
2022-02-09 15:52:54,216 DEBUG      client.py              Сообщение от сервера: {'response': 200}
2022-02-09 15:52:54,216 DEBUG      client.py              Сообщение {'response': 200} успешно разобрано
2022-02-09 15:52:54,231 DEBUG      my_decorators.py       Вызвана функция process_ans с аргументами (({'response': 200},), {}).Вызов произведён из функции main()
2022-02-09 15:52:54,231 INFO       client.py              Принято сообщение от сервера: 200 : OK
2022-02-09 15:52:54,306 DEBUG      my_decorators.py       Вызвана функция arg_parser с аргументами ((), {}).Вызов произведён из функции main()
2022-02-09 15:52:54,306 DEBUG      client.py              Сообщение от сервера: {'response': 200}
2022-02-09 15:52:54,306 DEBUG      client.py              Сообщение {'response': 200} успешно разобрано
2022-02-09 15:52:54,306 DEBUG      my_decorators.py       Вызвана функция process_ans с аргументами (({'response': 200},), {}).Вызов произведён из функции main()
2022-02-09 15:52:54,306 INFO       client.py              Принято сообщение от сервера: 200 : OK
2022-02-09 15:52:54,306 INFO       client.py              Получено сообщение для пользователя ME
2022-02-09 15:52:54,306 DEBUG      my_decorators.py       Вызвана функция create_presence с аргументами ((), {}).Вызов произведён из функции main()
2022-02-09 15:52:54,322 DEBUG      my_decorators.py       Вызвана функция arg_parser с аргументами ((), {}).Вызов произведён из функции main()
2022-02-09 15:52:54,322 INFO       client.py              Получено сообщение для пользователя ME
2022-02-09 15:52:54,322 DEBUG      my_decorators.py       Вызвана функция create_presence с аргументами ((), {}).Вызов произведён из функции main()
2022-02-09 15:52:54,322 DEBUG      client.py              Сообщение от сервера: {'response': 200}
2022-02-09 15:52:54,322 DEBUG      client.py              Сообщение {'response': 200} успешно разобрано
2022-02-09 15:52:54,322 DEBUG      my_decorators.py       Вызвана функция process_ans с аргументами (({'response': 200},), {}).Вызов произведён из функции main()
2022-02-09 15:52:54,322 INFO       client.py              Принято сообщение от сервера: 200 : OK
2022-02-09 15:52:54,822 DEBUG      client.py              Сообщение от сервера: {'response': 200}
2022-02-09 15:52:54,822 DEBUG      client.py              Сообщение {'response': 200} успешно разобрано
2022-02-09 15:52:54,822 DEBUG      my_decorators.py       Вызвана функция process_ans с аргументами (({'response': 200},), {}).Вызов произведён из функции main()
2022-02-09 15:52:54,822 INFO       client.py              Принято сообщение от сервера: 200 : OK
2022-02-09 15:53:50,201 DEBUG      my_decorators.py       Вызвана функция arg_parser с аргументами ((), {}).Вызов произведён из функции main()
2022-02-09 15:53:50,201 INFO       client.py              Получено сообщение для пользователя ME
2022-02-09 15:53:50,201 DEBUG      my_decorators.py       Вызвана функция create_presence с аргументами ((), {}).Вызов произведён из функции main()
2022-02-09 15:53:50,264 DEBUG      my_decorators.py       Вызвана функция arg_parser с аргументами ((), {}).Вызов произведён из функции main()
2022-02-09 15:53:50,280 INFO       client.py              Получено сообщение для пользователя ME
2022-02-09 15:53:50,280 DEBUG      my_decorators.py       Вызвана функция create_presence с аргументами ((), {}).Вызов произведён из функции main()
2022-02-09 15:53:50,280 DEBUG      client.py              Сообщение от сервера: {'response': 200}
2022-02-09 15:53:50,280 DEBUG      client.py              Сообщение {'response': 200} успешно разобрано
2022-02-09 15:53:50,280 DEBUG      my_decorators.py       Вызвана функция process_ans с аргументами (({'response': 200},), {}).Вызов произведён из функции main()
2022-02-09 15:53:50,280 INFO       client.py              Принято сообщение от сервера: 200 : OK
2022-02-09 15:53:50,435 DEBUG      my_decorators.py       Вызвана функция arg_parser с аргументами ((), {}).Вызов произведён из функции main()
2022-02-09 15:53:50,435 DEBUG      client.py              Сообщение от сервера: {'response': 200}
2022-02-09 15:53:50,435 DEBUG      client.py              Сообщение {'response': 200} успешно разобрано
2022-02-09 15:53:50,435 DEBUG      my_decorators.py       Вызвана функция process_ans с аргументами (({'response': 200},), {}).Вызов произведён из функции main()
2022-02-09 15:53:50,435 INFO       client.py              Принято сообщение от сервера: 200 : OK
2022-02-09 15:53:50,435 INFO       client.py              Получено сообщение для пользователя ME
2022-02-09 15:53:50,435 DEBUG      my_decorators.py       Вызвана функция create_presence с аргументами ((), {}).Вызов произведён из функции main()
2022-02-09 15:53:50,435 DEBUG      my_decorators.py       Вызвана функция arg_parser с аргументами ((), {}).Вызов произведён из функции main()
2022-02-09 15:53:50,435 DEBUG      my_decorators.py       Вызвана функция arg_parser с аргументами ((), {}).Вызов произведён из функции main()
2022-02-09 15:53:50,451 INFO       client.py              Получено сообщение для пользователя ME
2022-02-09 15:53:50,451 DEBUG      my_decorators.py       Вызвана функция create_presence с аргументами ((), {}).Вызов произведён из функции main()
2022-02-09 15:53:50,451 DEBUG      client.py              Сообщение от сервера: {'response': 200}
2022-02-09 15:53:50,451 DEBUG      client.py              Сообщение {'response': 200} успешно разобрано
2022-02-09 15:53:50,451 DEBUG      my_decorators.py       Вызвана функция process_ans с аргументами (({'response': 200},), {}).Вызов произведён из функции main()
2022-02-09 15:53:50,451 INFO       client.py              Принято сообщение от сервера: 200 : OK
2022-02-09 15:53:50,435 INFO       client.py              Получено сообщение для пользователя ME
2022-02-09 15:53:50,451 DEBUG      client.py              Сообщение от сервера: {'response': 200}
2022-02-09 15:53:50,451 DEBUG      client.py              Сообщение {'response': 200} успешно разобрано
2022-02-09 15:53:50,451 DEBUG      my_decorators.py       Вызвана функция create_presence с аргументами ((), {}).Вызов произведён из функции main()
2022-02-09 15:53:50,451 DEBUG      my_decorators.py       Вызвана функция process_ans с аргументами (({'response': 200},), {}).Вызов произведён из функции main()
2022-02-09 15:53:50,451 INFO       client.py              Принято сообщение от сервера: 200 : OK
2022-02-09 15:53:50,513 DEBUG      my_decorators.py       Вызвана функция arg_parser с аргументами ((), {}).Вызов произведён из функции main()
2022-02-09 15:53:50,513 INFO       client.py              Получено сообщение для пользователя ME
2022-02-09 15:53:50,513 DEBUG      my_decorators.py       Вызвана функция create_presence с аргументами ((), {}).Вызов произведён из функции main()
2022-02-09 15:53:50,513 DEBUG      client.py              Сообщение от сервера: {'response': 200}
2022-02-09 15:53:50,513 DEBUG      client.py              Сообщение {'response': 200} успешно разобрано
2022-02-09 15:53:50,513 DEBUG      my_decorators.py       Вызвана функция process_ans с аргументами (({'response': 200},), {}).Вызов произведён из функции main()
2022-02-09 15:53:50,513 INFO       client.py              Принято сообщение от сервера: 200 : OK
2022-02-09 15:53:50,513 DEBUG      my_decorators.py       Вызвана функция arg_parser с аргументами ((), {}).Вызов произведён из функции main()
2022-02-09 15:53:50,513 INFO       client.py              Получено сообщение для пользователя ME
2022-02-09 15:53:50,513 DEBUG      my_decorators.py       Вызвана функция create_presence с аргументами ((), {}).Вызов произведён из функции main()
2022-02-09 15:53:50,513 DEBUG      client.py              Сообщение от сервера: {'response': 200}
2022-02-09 15:53:50,513 DEBUG      client.py              Сообщение {'response': 200} успешно разобрано
2022-02-09 15:53:50,513 DEBUG      my_decorators.py       Вызвана функция process_ans с аргументами (({'response': 200},), {}).Вызов произведён из функции main()
2022-02-09 15:53:50,513 INFO       client.py              Принято сообщение от сервера: 200 : OK
2022-02-09 15:53:51,013 DEBUG      client.py              Сообщение от сервера: {'response': 200}
2022-02-09 15:53:51,013 DEBUG      client.py              Сообщение {'response': 200} успешно разобрано
2022-02-09 15:53:51,013 DEBUG      my_decorators.py       Вызвана функция process_ans с аргументами (({'response': 200},), {}).Вызов произведён из функции main()
2022-02-09 15:53:51,013 INFO       client.py              Принято сообщение от сервера: 200 : OK
2022-02-09 15:54:07,660 ERROR      client.py              Разорвано соединение с сервером 127.0.0.1
2022-02-09 15:54:15,374 DEBUG      my_decorators.py       Вызвана функция arg_parser с аргументами ((), {}).Вызов произведён из функции main()
2022-02-09 15:54:15,374 INFO       client.py              Получено сообщение для пользователя ME
2022-02-09 15:54:15,374 DEBUG      my_decorators.py       Вызвана функция create_presence с аргументами ((), {}).Вызов произведён из функции main()
2022-02-09 15:54:15,405 DEBUG      my_decorators.py       Вызвана функция arg_parser с аргументами ((), {}).Вызов произведён из функции main()
2022-02-09 15:54:15,405 INFO       client.py              Получено сообщение для пользователя ME
2022-02-09 15:54:15,405 DEBUG      my_decorators.py       Вызвана функция create_presence с аргументами ((), {}).Вызов произведён из функции main()
2022-02-09 15:54:15,405 DEBUG      client.py              Сообщение от сервера: {'response': 200}
2022-02-09 15:54:15,405 DEBUG      client.py              Сообщение {'response': 200} успешно разобрано
2022-02-09 15:54:15,405 DEBUG      my_decorators.py       Вызвана функция process_ans с аргументами (({'response': 200},), {}).Вызов произведён из функции main()
2022-02-09 15:54:15,405 INFO       client.py              Принято сообщение от сервера: 200 : OK
2022-02-09 15:54:15,421 DEBUG      my_decorators.py       Вызвана функция arg_parser с аргументами ((), {}).Вызов произведён из функции main()
2022-02-09 15:54:15,421 INFO       client.py              Получено сообщение для пользователя ME
2022-02-09 15:54:15,421 DEBUG      my_decorators.py       Вызвана функция create_presence с аргументами ((), {}).Вызов произведён из функции main()
2022-02-09 15:54:15,421 DEBUG      client.py              Сообщение от сервера: {'response': 200}
2022-02-09 15:54:15,421 DEBUG      client.py              Сообщение {'response': 200} успешно разобрано
2022-02-09 15:54:15,421 DEBUG      my_decorators.py       Вызвана функция process_ans с аргументами (({'response': 200},), {}).Вызов произведён из функции main()
2022-02-09 15:54:15,421 INFO       client.py              Принято сообщение от сервера: 200 : OK
2022-02-09 15:54:15,922 DEBUG      client.py              Сообщение от сервера: {'response': 200}
2022-02-09 15:54:15,922 DEBUG      client.py              Сообщение {'response': 200} успешно разобрано
2022-02-09 15:54:15,922 DEBUG      my_decorators.py       Вызвана функция process_ans с аргументами (({'response': 200},), {}).Вызов произведён из функции main()
2022-02-09 15:54:15,922 INFO       client.py              Принято сообщение от сервера: 200 : OK
2022-02-09 15:55:34,733 DEBUG      my_decorators.py       Вызвана функция arg_parser с аргументами ((), {}).Вызов произведён из функции main()
2022-02-09 15:55:34,733 INFO       client.py              Получено сообщение для пользователя ME
2022-02-09 15:55:34,733 DEBUG      my_decorators.py       Вызвана функция create_presence с аргументами ((), {}).Вызов произведён из функции main()
2022-02-09 15:55:34,780 DEBUG      my_decorators.py       Вызвана функция arg_parser с аргументами ((), {}).Вызов произведён из функции main()
2022-02-09 15:55:34,780 INFO       client.py              Получено сообщение для пользователя ME
2022-02-09 15:55:34,780 DEBUG      my_decorators.py       Вызвана функция create_presence с аргументами ((), {}).Вызов произведён из функции main()
2022-02-09 15:55:34,780 DEBUG      client.py              Сообщение от сервера: {'response': 200}
2022-02-09 15:55:34,780 DEBUG      client.py              Сообщение {'response': 200} успешно разобрано
2022-02-09 15:55:34,780 DEBUG      my_decorators.py       Вызвана функция process_ans с аргументами (({'response': 200},), {}).Вызов произведён из функции main()
2022-02-09 15:55:34,780 INFO       client.py              Принято сообщение от сервера: 200 : OK
2022-02-09 15:55:34,811 DEBUG      my_decorators.py       Вызвана функция arg_parser с аргументами ((), {}).Вызов произведён из функции main()
2022-02-09 15:55:34,811 INFO       client.py              Получено сообщение для пользователя ME
2022-02-09 15:55:34,811 DEBUG      client.py              Сообщение от сервера: {'response': 200}
2022-02-09 15:55:34,811 DEBUG      client.py              Сообщение {'response': 200} успешно разобрано
2022-02-09 15:55:34,811 DEBUG      my_decorators.py       Вызвана функция process_ans с аргументами (({'response': 200},), {}).Вызов произведён из функции main()
2022-02-09 15:55:34,811 INFO       client.py              Принято сообщение от сервера: 200 : OK
2022-02-09 15:55:34,811 DEBUG      my_decorators.py       Вызвана функция create_presence с аргументами ((), {}).Вызов произведён из функции main()
2022-02-09 15:55:34,874 DEBUG      my_decorators.py       Вызвана функция arg_parser с аргументами ((), {}).Вызов произведён из функции main()
2022-02-09 15:55:34,874 INFO       client.py              Получено сообщение для пользователя ME
2022-02-09 15:55:34,874 DEBUG      my_decorators.py       Вызвана функция create_presence с аргументами ((), {}).Вызов произведён из функции main()
2022-02-09 15:55:34,874 DEBUG      client.py              Сообщение от сервера: {'response': 200}
2022-02-09 15:55:34,874 DEBUG      client.py              Сообщение {'response': 200} успешно разобрано
2022-02-09 15:55:34,874 DEBUG      my_decorators.py       Вызвана функция process_ans с аргументами (({'response': 200},), {}).Вызов произведён из функции main()
2022-02-09 15:55:34,874 INFO       client.py              Принято сообщение от сервера: 200 : OK
2022-02-09 15:55:35,389 DEBUG      client.py              Сообщение от сервера: {'response': 200}
2022-02-09 15:55:35,389 DEBUG      client.py              Сообщение {'response': 200} успешно разобрано
2022-02-09 15:55:35,389 DEBUG      my_decorators.py       Вызвана функция process_ans с аргументами (({'response': 200},), {}).Вызов произведён из функции main()
2022-02-09 15:55:35,389 INFO       client.py              Принято сообщение от сервера: 200 : OK
2022-02-09 15:55:54,375 DEBUG      client.py              Сформировано сообщение клиента ME
2022-02-09 15:55:54,375 DEBUG      my_decorators.py       Вызвана функция create_mes с аргументами ((<socket.socket fd=428, family=AddressFamily.AF_INET, type=SocketKind.SOCK_STREAM, proto=0, laddr=('127.0.0.1', 50791), raddr=('127.0.0.1', 7777)>,), {}).Вызов произведён из функции main()
2022-02-09 15:55:54,687 INFO       client.py              Получено сообщение от пользователя ME:
hello
2022-02-09 15:55:54,687 DEBUG      my_decorators.py       Вызвана функция message_from_server с аргументами (({'action': 'message', 'time': 1644404154.6877646, 'sender': 'ME', 'message text': 'hello'},), {}).Вызов произведён из функции main()
2022-02-09 15:56:02,945 DEBUG      client.py              Сформировано сообщение клиента ME
2022-02-09 15:56:02,945 DEBUG      my_decorators.py       Вызвана функция create_mes с аргументами ((<socket.socket fd=428, family=AddressFamily.AF_INET, type=SocketKind.SOCK_STREAM, proto=0, laddr=('127.0.0.1', 50790), raddr=('127.0.0.1', 7777)>,), {}).Вызов произведён из функции main()
2022-02-09 15:56:03,305 INFO       client.py              Получено сообщение от пользователя ME:
hello
2022-02-09 15:56:03,305 DEBUG      my_decorators.py       Вызвана функция message_from_server с аргументами (({'action': 'message', 'time': 1644404163.305297, 'sender': 'ME', 'message text': 'hello'},), {}).Вызов произведён из функции main()
2022-02-09 15:56:10,168 DEBUG      client.py              Сформировано сообщение клиента ME
2022-02-09 15:56:10,168 DEBUG      my_decorators.py       Вызвана функция create_mes с аргументами ((<socket.socket fd=428, family=AddressFamily.AF_INET, type=SocketKind.SOCK_STREAM, proto=0, laddr=('127.0.0.1', 50790), raddr=('127.0.0.1', 7777)>,), {}).Вызов произведён из функции main()
2022-02-09 15:56:10,418 INFO       client.py              Получено сообщение от пользователя ME:
bye
2022-02-09 15:56:10,418 DEBUG      my_decorators.py       Вызвана функция message_from_server с аргументами (({'action': 'message', 'time': 1644404170.4182465, 'sender': 'ME', 'message text': 'bye'},), {}).Вызов произведён из функции main()
2022-02-09 15:56:16,297 INFO       client.py              Клиент ME завершил сеанс.
2022-02-09 15:56:16,297 DEBUG      client.py              Сформировано сообщение клиента ME
2022-02-09 15:56:16,297 DEBUG      my_decorators.py       Вызвана функция create_mes с аргументами ((<socket.socket fd=428, family=AddressFamily.AF_INET, type=SocketKind.SOCK_STREAM, proto=0, laddr=('127.0.0.1', 50790), raddr=('127.0.0.1', 7777)>,), {}).Вызов произведён из функции main()
2022-02-09 15:56:16,501 INFO       client.py              Получено сообщение от пользователя ME:
!!!
2022-02-09 15:56:16,501 DEBUG      my_decorators.py       Вызвана функция message_from_server с аргументами (({'action': 'message', 'time': 1644404176.5011308, 'sender': 'ME', 'message text': '!!!'},), {}).Вызов произведён из функции main()
2022-02-09 15:56:26,553 DEBUG      client.py              Сформировано сообщение клиента ME
2022-02-09 15:56:26,553 DEBUG      my_decorators.py       Вызвана функция create_mes с аргументами ((<socket.socket fd=428, family=AddressFamily.AF_INET, type=SocketKind.SOCK_STREAM, proto=0, laddr=('127.0.0.1', 50790), raddr=('127.0.0.1', 7777)>,), {}).Вызов произведён из функции main()
2022-02-09 15:56:26,678 INFO       client.py              Получено сообщение от пользователя ME:
g
2022-02-09 15:56:26,678 DEBUG      my_decorators.py       Вызвана функция message_from_server с аргументами (({'action': 'message', 'time': 1644404186.678436, 'sender': 'ME', 'message text': 'g'},), {}).Вызов произведён из функции main()
2022-02-09 15:58:09,770 DEBUG      my_decorators.py       Вызвана функция arg_parser с аргументами ((), {}).Вызов произведён из функции main()
2022-02-09 15:58:09,770 INFO       client.py              Получено сообщение для пользователя ME
2022-02-09 15:58:09,770 DEBUG      my_decorators.py       Вызвана функция create_presence с аргументами ((), {}).Вызов произведён из функции main()
2022-02-09 15:58:09,833 DEBUG      my_decorators.py       Вызвана функция arg_parser с аргументами ((), {}).Вызов произведён из функции main()
2022-02-09 15:58:09,833 INFO       client.py              Получено сообщение для пользователя ME
2022-02-09 15:58:09,833 DEBUG      my_decorators.py       Вызвана функция create_presence с аргументами ((), {}).Вызов произведён из функции main()
2022-02-09 15:58:09,833 DEBUG      client.py              Сообщение от сервера: {'response': 200}
2022-02-09 15:58:09,833 DEBUG      client.py              Сообщение {'response': 200} успешно разобрано
2022-02-09 15:58:09,833 DEBUG      my_decorators.py       Вызвана функция process_ans с аргументами (({'response': 200},), {}).Вызов произведён из функции main()
2022-02-09 15:58:09,833 INFO       client.py              Принято сообщение от сервера: 200 : OK
2022-02-09 15:58:09,833 DEBUG      my_decorators.py       Вызвана функция arg_parser с аргументами ((), {}).Вызов произведён из функции main()
2022-02-09 15:58:09,833 INFO       client.py              Получено сообщение для пользователя ME
:58:09,833 DEBUG      client.py              Сообщение {'response': 200} успешно разобрано
2022-02-09 15:58:09,833 DEBUG      my_decorators.py       Вызвана функция process_ans с аргументами (({'response': 200},), {}).Вызов произведён из функции main()
2022-02-09 15:58:09,833 INFO       client.py              Принято сообщение от сервера: 200 : OK
2022-02-09 15:58:09,848 DEBUG      my_decorators.py       Вызвана функция create_presence с аргументами ((), {}).Вызов произведён из функции main()
2022-02-09 15:58:09,864 DEBUG      my_decorators.py       Вызвана функция arg_parser с аргументами ((), {}).Вызов произведён из функции main()
2022-02-09 15:58:09,864 INFO       client.py              Получено сообщение для пользователя ME
2022-02-09 15:58:09,864 DEBUG      my_decorators.py       Вызвана функция create_presence с аргументами ((), {}).Вызов произведён из функции main()
2022-02-09 15:58:09,864 DEBUG      client.py              Сообщение от сервера: {'response': 200}
2022-02-09 15:58:09,864 DEBUG      client.py              Сообщение {'response': 200} успешно разобрано
2022-02-09 15:58:09,864 DEBUG      my_decorators.py       Вызвана функция process_ans с аргументами (({'response': 200},), {}).Вызов произведён из функции main()
2022-02-09 15:58:09,864 INFO       client.py              Принято сообщение от сервера: 200 : OK
2022-02-09 15:58:10,380 DEBUG      client.py              Сообщение от сервера: {'response': 200}
2022-02-09 15:58:10,380 DEBUG      client.py              Сообщение {'response': 200} успешно разобрано
2022-02-09 15:58:10,380 DEBUG      my_decorators.py       Вызвана функция process_ans с аргументами (({'response': 200},), {}).Вызов произведён из функции main()
2022-02-09 15:58:10,380 INFO       client.py              Принято сообщение от сервера: 200 : OK
2022-02-09 15:58:35,794 DEBUG      client.py              Сформировано сообщение клиента ME
2022-02-09 15:58:35,794 DEBUG      my_decorators.py       Вызвана функция create_mes с аргументами ((<socket.socket fd=456, family=AddressFamily.AF_INET, type=SocketKind.SOCK_STREAM, proto=0, laddr=('127.0.0.1', 51153), raddr=('127.0.0.1', 7777)>,), {}).Вызов произведён из функции main()
2022-02-09 15:58:36,231 INFO       client.py              Получено сообщение от пользователя ME:
hello
2022-02-09 15:58:36,231 INFO       client.py              Получено сообщение от пользователя ME:
hello
2022-02-09 15:58:36,233 DEBUG      my_decorators.py       Вызвана функция message_from_server с аргументами (({'action': 'message', 'time': 1644404316.231873, 'sender': 'ME', 'message text': 'hello'},), {}).Вызов произведён из функции main()
2022-02-09 15:58:36,233 DEBUG      my_decorators.py       Вызвана функция message_from_server с аргументами (({'action': 'message', 'time': 1644404316.231873, 'sender': 'ME', 'message text': 'hello'},), {}).Вызов произведён из функции main()
2022-02-09 15:58:40,073 INFO       client.py              Клиент ME завершил сеанс.
2022-02-09 15:58:51,102 DEBUG      client.py              Сформировано сообщение клиента ME
2022-02-09 15:58:51,102 DEBUG      my_decorators.py       Вызвана функция create_mes с аргументами ((<socket.socket fd=412, family=AddressFamily.AF_INET, type=SocketKind.SOCK_STREAM, proto=0, laddr=('127.0.0.1', 51150), raddr=('127.0.0.1', 7777)>,), {}).Вызов произведён из функции main()
2022-02-09 15:58:51,524 INFO       client.py              Получено сообщение от пользователя ME:
hi
2022-02-09 15:58:51,524 INFO       client.py              Получено сообщение от пользователя ME:
hi
2022-02-09 15:58:51,524 DEBUG      my_decorators.py       Вызвана функция message_from_server с аргументами (({'action': 'message', 'time': 1644404331.5245705, 'sender': 'ME', 'message text': 'hi'},), {}).Вызов произведён из функции main()
2022-02-09 15:58:51,524 DEBUG      my_decorators.py       Вызвана функция message_from_server с аргументами (({'action': 'message', 'time': 1644404331.5245705, 'sender': 'ME', 'message text': 'hi'},), {}).Вызов произведён из функции main()
2022-02-09 15:58:52,190 DEBUG      client.py              Сформировано сообщение клиента ME
2022-02-09 15:58:52,190 DEBUG      my_decorators.py       Вызвана функция create_mes с аргументами ((<socket.socket fd=412, family=AddressFamily.AF_INET, type=SocketKind.SOCK_STREAM, proto=0, laddr=('127.0.0.1', 51150), raddr=('127.0.0.1', 7777)>,), {}).Вызов произведён из функции main()
2022-02-09 15:58:52,565 INFO       client.py              Получено сообщение от пользователя ME:

2022-02-09 15:58:52,565 INFO       client.py              Получено сообщение от пользователя ME:

2022-02-09 15:58:52,565 DEBUG      my_decorators.py       Вызвана функция message_from_server с аргументами (({'action': 'message', 'time': 1644404332.5655146, 'sender': 'ME', 'message text': ''},), {}).Вызов произведён из функции main()
2022-02-09 15:58:52,565 DEBUG      my_decorators.py       Вызвана функция message_from_server с аргументами (({'action': 'message', 'time': 1644404332.5655146, 'sender': 'ME', 'message text': ''},), {}).Вызов произведён из функции main()
2022-02-09 15:58:53,081 DEBUG      client.py              Сформировано сообщение клиента ME
2022-02-09 15:58:53,081 DEBUG      my_decorators.py       Вызвана функция create_mes с аргументами ((<socket.socket fd=412, family=AddressFamily.AF_INET, type=SocketKind.SOCK_STREAM, proto=0, laddr=('127.0.0.1', 51150), raddr=('127.0.0.1', 7777)>,), {}).Вызов произведён из функции main()
2022-02-09 15:58:53,581 INFO       client.py              Получено сообщение от пользователя ME:

2022-02-09 15:58:53,581 INFO       client.py              Получено сообщение от пользователя ME:

2022-02-09 15:58:53,581 DEBUG      my_decorators.py       Вызвана функция message_from_server с аргументами (({'action': 'message', 'time': 1644404333.5811658, 'sender': 'ME', 'message text': ''},), {}).Вызов произведён из функции main()
2022-02-09 15:58:57,280 ERROR      client.py              Разорвано соединение с сервером 127.0.0.1
2022-02-09 15:58:57,280 ERROR      client.py              Разорвано соединение с сервером 127.0.0.1
2022-02-11 22:52:52,949 DEBUG      my_decorators.py       Вызвана функция arg_parser с аргументами ((), {}).Вызов произведён из функции main()
2022-02-11 22:52:52,949 INFO       client.py              Получено сообщение для пользователя ME
2022-02-11 22:52:52,949 DEBUG      my_decorators.py       Вызвана функция create_presence с аргументами ((), {}).Вызов произведён из функции main()
2022-02-11 22:52:52,965 DEBUG      my_decorators.py       Вызвана функция arg_parser с аргументами ((), {}).Вызов произведён из функции main()
2022-02-11 22:52:52,965 INFO       client.py              Получено сообщение для пользователя ME
2022-02-11 22:52:52,965 DEBUG      my_decorators.py       Вызвана функция create_presence с аргументами ((), {}).Вызов произведён из функции main()
2022-02-11 22:52:52,980 DEBUG      client.py              Сообщение от сервера: {'response': 200}
2022-02-11 22:52:52,980 DEBUG      client.py              Сообщение {'response': 200} успешно разобрано
2022-02-11 22:52:52,980 DEBUG      my_decorators.py       Вызвана функция process_ans с аргументами (({'response': 200},), {}).Вызов произведён из функции main()
2022-02-11 22:52:52,980 INFO       client.py              Принято сообщение от сервера: 200 : OK
2022-02-11 22:52:52,980 DEBUG      client.py              Запуск процессов.
2022-02-11 22:52:53,012 DEBUG      client.py              Сообщение от сервера: {'response': 400, 'error': 'Такое имя пользователя уже используется.'}
2022-02-11 22:52:53,012 ERROR      client.py              Не удалось разобрать сообщение {'response': 400, 'error': 'Такое имя пользователя уже используется.'}.Неверный response, дупустимое значение - 200
2022-02-11 22:52:53,012 DEBUG      my_decorators.py       Вызвана функция process_ans с аргументами (({'response': 400, 'error': 'Такое имя пользователя уже используется.'},), {}).Вызов произведён из функции main()
2022-02-11 22:52:53,012 INFO       client.py              Принято сообщение от сервера: 400 : Такое имя пользователя уже используется.
2022-02-11 22:52:53,012 DEBUG      client.py              Запуск процессов.
2022-02-11 22:52:53,059 DEBUG      client.py              Сообщение от сервера: {'response': 400, 'error': 'Такое имя пользователя уже используется.'}
2022-02-11 22:52:53,059 ERROR      client.py              Не удалось разобрать сообщение {'response': 400, 'error': 'Такое имя пользователя уже используется.'}.Неверный response, дупустимое значение - 200
2022-02-11 22:52:53,059 DEBUG      my_decorators.py       Вызвана функция process_ans с аргументами (({'response': 400, 'error': 'Такое имя пользователя уже используется.'},), {}).Вызов произведён из функции main()
2022-02-11 22:52:53,059 INFO       client.py              Принято сообщение от сервера: 400 : Такое имя пользователя уже используется.
2022-02-11 22:52:53,074 DEBUG      client.py              Запуск процессов.
2022-02-11 22:54:56,187 DEBUG      my_decorators.py       Вызвана функция arg_parser с аргументами ((), {}).Вызов произведён из функции main()
2022-02-11 22:54:56,203 DEBUG      my_decorators.py       Вызвана функция arg_parser с аргументами ((), {}).Вызов произведён из функции main()
2022-02-11 22:54:56,218 DEBUG      my_decorators.py       Вызвана функция arg_parser с аргументами ((), {}).Вызов произведён из функции main()
2022-02-11 22:55:21,236 DEBUG      my_decorators.py       Вызвана функция arg_parser с аргументами ((), {}).Вызов произведён из функции main()
2022-02-11 22:55:21,314 DEBUG      my_decorators.py       Вызвана функция arg_parser с аргументами ((), {}).Вызов произведён из функции main()
2022-02-11 22:55:21,330 DEBUG      my_decorators.py       Вызвана функция arg_parser с аргументами ((), {}).Вызов произведён из функции main()
2022-02-11 22:55:59,709 DEBUG      my_decorators.py       Вызвана функция arg_parser с аргументами ((), {}).Вызов произведён из функции main()
2022-02-11 22:55:59,725 DEBUG      my_decorators.py       Вызвана функция arg_parser с аргументами ((), {}).Вызов произведён из функции main()
2022-02-11 22:55:59,740 DEBUG      my_decorators.py       Вызвана функция arg_parser с аргументами ((), {}).Вызов произведён из функции main()
2022-02-11 23:03:50,493 DEBUG      my_decorators.py       Вызвана функция arg_parser с аргументами ((), {}).Вызов произведён из функции main()
2022-02-11 23:03:50,509 DEBUG      my_decorators.py       Вызвана функция arg_parser с аргументами ((), {}).Вызов произведён из функции main()
2022-02-11 23:03:50,509 DEBUG      my_decorators.py       Вызвана функция arg_parser с аргументами ((), {}).Вызов произведён из функции main()
2022-02-11 23:09:06,535 DEBUG      my_decorators.py       Вызвана функция arg_parser с аргументами ((), {}).Вызов произведён из функции main()
2022-02-11 23:09:06,582 DEBUG      my_decorators.py       Вызвана функция arg_parser с аргументами ((), {}).Вызов произведён из функции main()
2022-02-11 23:09:06,629 DEBUG      my_decorators.py       Вызвана функция arg_parser с аргументами ((), {}).Вызов произведён из функции main()
2022-02-14 20:29:20,220 DEBUG      my_decorators.py       Вызвана функция arg_parser с аргументами ((), {}).Вызов произведён из функции main()
2022-02-14 20:29:20,235 DEBUG      my_decorators.py       Вызвана функция arg_parser с аргументами ((), {}).Вызов произведён из функции main()
2022-02-14 20:29:20,235 DEBUG      my_decorators.py       Вызвана функция arg_parser с аргументами ((), {}).Вызов произведён из функции main()
2022-02-14 20:31:42,065 DEBUG      my_decorators.py       Вызвана функция arg_parser с аргументами ((), {}).Вызов произведён из функции main()
2022-02-14 20:31:42,130 DEBUG      my_decorators.py       Вызвана функция arg_parser с аргументами ((), {}).Вызов произведён из функции main()
2022-02-14 20:31:42,133 DEBUG      my_decorators.py       Вызвана функция arg_parser с аргументами ((), {}).Вызов произведён из функции main()
2022-02-14 20:32:20,434 DEBUG      my_decorators.py       Вызвана функция arg_parser с аргументами ((), {}).Вызов произведён из функции main()
2022-02-14 20:32:20,450 DEBUG      my_decorators.py       Вызвана функция arg_parser с аргументами ((), {}).Вызов произведён из функции main()
2022-02-14 20:32:20,497 DEBUG      my_decorators.py       Вызвана функция arg_parser с аргументами ((), {}).Вызов произведён из функции main()
2022-02-14 20:36:49,320 DEBUG      my_decorators.py       Вызвана функция arg_parser с аргументами ((), {}).Вызов произведён из функции main()
2022-02-14 20:38:11,957 DEBUG      my_decorators.py       Вызвана функция arg_parser с аргументами ((), {}).Вызов произведён из функции main()
2022-02-15 23:22:36,210 DEBUG      my_decorators.py       Вызвана функция arg_parser с аргументами ((), {}).Вызов произведён из функции main()
2022-02-15 23:22:36,212 DEBUG      my_decorators.py       Вызвана функция arg_parser с аргументами ((), {}).Вызов произведён из функции main()
2022-02-15 23:22:36,212 DEBUG      my_decorators.py       Вызвана функция arg_parser с аргументами ((), {}).Вызов произведён из функции main()
2022-02-15 23:23:24,625 DEBUG      my_decorators.py       Вызвана функция arg_parser с аргументами ((), {}).Вызов произведён из функции main()
2022-02-15 23:23:24,686 DEBUG      my_decorators.py       Вызвана функция arg_parser с аргументами ((), {}).Вызов произведён из функции main()
2022-02-15 23:23:24,686 DEBUG      my_decorators.py       Вызвана функция arg_parser с аргументами ((), {}).Вызов произведён из функции main()
2022-02-15 23:23:38,425 DEBUG      my_decorators.py       Вызвана функция arg_parser с аргументами ((), {}).Вызов произведён из функции main()
2022-02-15 23:23:38,445 DEBUG      my_decorators.py       Вызвана функция arg_parser с аргументами ((), {}).Вызов произведён из функции main()
2022-02-15 23:23:38,453 DEBUG      my_decorators.py       Вызвана функция arg_parser с аргументами ((), {}).Вызов произведён из функции main()
2022-02-15 23:24:09,427 DEBUG      my_decorators.py       Вызвана функция arg_parser с аргументами ((), {}).Вызов произведён из функции main()
2022-02-15 23:24:09,437 DEBUG      my_decorators.py       Вызвана функция arg_parser с аргументами ((), {}).Вызов произведён из функции main()
2022-02-15 23:24:09,457 DEBUG      my_decorators.py       Вызвана функция arg_parser с аргументами ((), {}).Вызов произведён из функции main()
2022-02-15 23:24:38,730 DEBUG      my_decorators.py       Вызвана функция arg_parser с аргументами ((), {}).Вызов произведён из функции main()
2022-02-15 23:24:38,730 DEBUG      my_decorators.py       Вызвана функция arg_parser с аргументами ((), {}).Вызов произведён из функции main()
2022-02-15 23:24:38,738 DEBUG      my_decorators.py       Вызвана функция arg_parser с аргументами ((), {}).Вызов произведён из функции main()
2022-02-15 23:25:11,229 DEBUG      my_decorators.py       Вызвана функция arg_parser с аргументами ((), {}).Вызов произведён из функции main()
2022-02-15 23:25:11,259 DEBUG      my_decorators.py       Вызвана функция arg_parser с аргументами ((), {}).Вызов произведён из функции main()
2022-02-15 23:25:11,299 DEBUG      my_decorators.py       Вызвана функция arg_parser с аргументами ((), {}).Вызов произведён из функции main()
2022-02-15 23:34:33,816 DEBUG      my_decorators.py       Вызвана функция arg_parser с аргументами ((), {}).Вызов произведён из функции main()
2022-02-15 23:34:33,876 DEBUG      my_decorators.py       Вызвана функция arg_parser с аргументами ((), {}).Вызов произведён из функции main()
2022-02-15 23:34:33,992 DEBUG      my_decorators.py       Вызвана функция arg_parser с аргументами ((), {}).Вызов произведён из функции main()
2022-02-15 23:34:41,175 DEBUG      my_decorators.py       Вызвана функция arg_parser с аргументами ((), {}).Вызов произведён из функции main()
2022-02-15 23:34:41,246 DEBUG      my_decorators.py       Вызвана функция arg_parser с аргументами ((), {}).Вызов произведён из функции main()
2022-02-15 23:34:41,293 DEBUG      my_decorators.py       Вызвана функция arg_parser с аргументами ((), {}).Вызов произведён из функции main()
2022-02-15 23:35:38,164 DEBUG      my_decorators.py       Вызвана функция arg_parser с аргументами ((), {}).Вызов произведён из функции main()
2022-02-15 23:35:38,172 DEBUG      my_decorators.py       Вызвана функция arg_parser с аргументами ((), {}).Вызов произведён из функции main()
2022-02-15 23:35:38,174 DEBUG      my_decorators.py       Вызвана функция arg_parser с аргументами ((), {}).Вызов произведён из функции main()
2022-02-15 23:38:43,927 DEBUG      my_decorators.py       Вызвана функция arg_parser с аргументами ((), {}).Вызов произведён из функции main()
2022-02-15 23:38:43,955 DEBUG      my_decorators.py       Вызвана функция arg_parser с аргументами ((), {}).Вызов произведён из функции main()
2022-02-15 23:38:43,955 DEBUG      my_decorators.py       Вызвана функция create_presence с аргументами (('test1',), {}).Вызов произведён из функции main()
2022-02-15 23:38:43,956 INFO       client.py              Получено сообщение для пользователя test3
2022-02-15 23:38:43,956 DEBUG      client.py              Сообщение от сервера: {'response': 200}
2022-02-15 23:38:43,956 DEBUG      client.py              Сообщение {'response': 200} успешно разобрано
2022-02-15 23:38:43,956 DEBUG      my_decorators.py       Вызвана функция process_ans с аргументами (({'response': 200},), {}).Вызов произведён из функции main()
2022-02-15 23:38:43,956 INFO       client.py              Принято сообщение от сервера: 200 : OK
2022-02-15 23:38:43,956 DEBUG      my_decorators.py       Вызвана функция create_presence с аргументами (('test3',), {}).Вызов произведён из функции main()
2022-02-15 23:38:43,992 DEBUG      client.py              Запуск процессов.
2022-02-15 23:38:44,017 DEBUG      my_decorators.py       Вызвана функция arg_parser с аргументами ((), {}).Вызов произведён из функции main()
2022-02-15 23:38:44,023 DEBUG      client.py              Сообщение от сервера: {'response': 200}
2022-02-15 23:38:44,023 DEBUG      client.py              Сообщение {'response': 200} успешно разобрано
2022-02-15 23:38:44,023 DEBUG      my_decorators.py       Вызвана функция process_ans с аргументами (({'response': 200},), {}).Вызов произведён из функции main()
2022-02-15 23:38:44,023 INFO       client.py              Принято сообщение от сервера: 200 : OK
2022-02-15 23:38:44,023 INFO       client.py              Получено сообщение для пользователя test2
2022-02-15 23:38:44,025 DEBUG      my_decorators.py       Вызвана функция create_presence с аргументами (('test2',), {}).Вызов произведён из функции main()
2022-02-15 23:38:44,025 INFO       client.py              Вход в functional
2022-02-15 23:38:44,025 DEBUG      client.py              Запуск процессов.
2022-02-15 23:38:44,025 INFO       client.py              Вход в functional
2022-02-15 23:38:44,533 DEBUG      client.py              Сообщение от сервера: {'response': 200}
2022-02-15 23:38:44,533 DEBUG      client.py              Сообщение {'response': 200} успешно разобрано
2022-02-15 23:38:44,534 DEBUG      my_decorators.py       Вызвана функция process_ans с аргументами (({'response': 200},), {}).Вызов произведён из функции main()
2022-02-15 23:38:44,534 INFO       client.py              Принято сообщение от сервера: 200 : OK
2022-02-15 23:38:44,534 DEBUG      client.py              Запуск процессов.
2022-02-15 23:38:44,536 INFO       client.py              Вход в functional
2022-02-15 23:43:14,772 DEBUG      my_decorators.py       Вызвана функция arg_parser с аргументами ((), {}).Вызов произведён из функции main()
2022-02-15 23:43:14,774 INFO       client.py              Получено сообщение для пользователя test2
2022-02-15 23:43:14,774 DEBUG      my_decorators.py       Вызвана функция create_presence с аргументами (('test2',), {}).Вызов произведён из функции main()
2022-02-15 23:43:14,782 DEBUG      my_decorators.py       Вызвана функция arg_parser с аргументами ((), {}).Вызов произведён из функции main()
2022-02-15 23:43:14,782 INFO       client.py              Получено сообщение для пользователя test3
2022-02-15 23:43:14,782 DEBUG      my_decorators.py       Вызвана функция create_presence с аргументами (('test3',), {}).Вызов произведён из функции main()
2022-02-15 23:43:14,784 DEBUG      client.py              Сообщение от сервера: {'response': 200}
2022-02-15 23:43:14,784 DEBUG      client.py              Сообщение {'response': 200} успешно разобрано
2022-02-15 23:43:14,784 DEBUG      my_decorators.py       Вызвана функция process_ans с аргументами (({'response': 200},), {}).Вызов произведён из функции main()
2022-02-15 23:43:14,784 INFO       client.py              Принято сообщение от сервера: 200 : OK
2022-02-15 23:43:14,794 DEBUG      client.py              Запуск процессов.
2022-02-15 23:43:14,798 INFO       client.py              Вход в functional
2022-02-15 23:43:14,814 DEBUG      my_decorators.py       Вызвана функция arg_parser с аргументами ((), {}).Вызов произведён из функции main()
2022-02-15 23:43:14,817 INFO       client.py              Получено сообщение для пользователя test1
2022-02-15 23:43:14,817 DEBUG      my_decorators.py       Вызвана функция create_presence с аргументами (('test1',), {}).Вызов произведён из функции main()
2022-02-15 23:43:14,817 DEBUG      client.py              Сообщение от сервера: {'response': 200}
2022-02-15 23:43:14,817 DEBUG      client.py              Сообщение {'response': 200} успешно разобрано
2022-02-15 23:43:14,817 DEBUG      my_decorators.py       Вызвана функция process_ans с аргументами (({'response': 200},), {}).Вызов произведён из функции main()
2022-02-15 23:43:14,817 INFO       client.py              Принято сообщение от сервера: 200 : OK
2022-02-15 23:43:14,817 DEBUG      client.py              Запуск процессов.
2022-02-15 23:43:14,822 INFO       client.py              Вход в functional
2022-02-15 23:43:15,328 DEBUG      client.py              Сообщение от сервера: {'response': 200}
2022-02-15 23:43:15,328 DEBUG      client.py              Сообщение {'response': 200} успешно разобрано
2022-02-15 23:43:15,328 DEBUG      my_decorators.py       Вызвана функция process_ans с аргументами (({'response': 200},), {}).Вызов произведён из функции main()
2022-02-15 23:43:15,328 INFO       client.py              Принято сообщение от сервера: 200 : OK
2022-02-15 23:43:15,328 DEBUG      client.py              Запуск процессов.
2022-02-15 23:43:15,328 INFO       client.py              Вход в functional
2022-02-15 23:43:26,158 DEBUG      my_decorators.py       Вызвана функция arg_parser с аргументами ((), {}).Вызов произведён из функции main()
2022-02-15 23:43:26,158 INFO       client.py              Получено сообщение для пользователя test1
2022-02-15 23:43:26,158 DEBUG      my_decorators.py       Вызвана функция create_presence с аргументами (('test1',), {}).Вызов произведён из функции main()
2022-02-15 23:43:26,189 DEBUG      my_decorators.py       Вызвана функция arg_parser с аргументами ((), {}).Вызов произведён из функции main()
2022-02-15 23:43:26,189 INFO       client.py              Получено сообщение для пользователя test3
2022-02-15 23:43:26,189 DEBUG      my_decorators.py       Вызвана функция create_presence с аргументами (('test3',), {}).Вызов произведён из функции main()
2022-02-15 23:43:26,189 DEBUG      client.py              Сообщение от сервера: {'response': 200}
2022-02-15 23:43:26,195 DEBUG      client.py              Сообщение {'response': 200} успешно разобрано
2022-02-15 23:43:26,195 DEBUG      my_decorators.py       Вызвана функция process_ans с аргументами (({'response': 200},), {}).Вызов произведён из функции main()
2022-02-15 23:43:26,195 INFO       client.py              Принято сообщение от сервера: 200 : OK
2022-02-15 23:43:26,209 DEBUG      client.py              Запуск процессов.
2022-02-15 23:43:26,218 DEBUG      my_decorators.py       Вызвана функция arg_parser с аргументами ((), {}).Вызов произведён из функции main()
2022-02-15 23:43:26,218 INFO       client.py              Вход в functional
2022-02-15 23:43:26,218 INFO       client.py              Получено сообщение для пользователя test2
2022-02-15 23:43:26,218 DEBUG      my_decorators.py       Вызвана функция create_presence с аргументами (('test2',), {}).Вызов произведён из функции main()
2022-02-15 23:43:26,218 DEBUG      client.py              Сообщение от сервера: {'response': 200}
2022-02-15 23:43:26,218 DEBUG      client.py              Сообщение {'response': 200} успешно разобрано
2022-02-15 23:43:26,218 DEBUG      my_decorators.py       Вызвана функция process_ans с аргументами (({'response': 200},), {}).Вызов произведён из функции main()
2022-02-15 23:43:26,218 INFO       client.py              Принято сообщение от сервера: 200 : OK
2022-02-15 23:43:26,218 DEBUG      client.py              Запуск процессов.
2022-02-15 23:43:26,218 INFO       client.py              Вход в functional
2022-02-15 23:43:26,738 DEBUG      client.py              Сообщение от сервера: {'response': 200}
2022-02-15 23:43:26,738 DEBUG      client.py              Сообщение {'response': 200} успешно разобрано
2022-02-15 23:43:26,738 DEBUG      my_decorators.py       Вызвана функция process_ans с аргументами (({'response': 200},), {}).Вызов произведён из функции main()
2022-02-15 23:43:26,738 INFO       client.py              Принято сообщение от сервера: 200 : OK
2022-02-15 23:43:26,739 DEBUG      client.py              Запуск процессов.
2022-02-15 23:43:26,739 INFO       client.py              Вход в functional
2022-02-15 23:43:35,385 DEBUG      my_decorators.py       Вызвана функция arg_parser с аргументами ((), {}).Вызов произведён из функции main()
2022-02-15 23:43:35,425 DEBUG      my_decorators.py       Вызвана функция arg_parser с аргументами ((), {}).Вызов произведён из функции main()
2022-02-15 23:43:35,428 INFO       client.py              Получено сообщение для пользователя test1
2022-02-15 23:43:35,428 DEBUG      my_decorators.py       Вызвана функция create_presence с аргументами (('test1',), {}).Вызов произведён из функции main()
2022-02-15 23:43:35,469 DEBUG      my_decorators.py       Вызвана функция arg_parser с аргументами ((), {}).Вызов произведён из функции main()
2022-02-15 23:43:35,469 INFO       client.py              Получено сообщение для пользователя test3
2022-02-15 23:43:35,469 DEBUG      my_decorators.py       Вызвана функция create_presence с аргументами (('test3',), {}).Вызов произведён из функции main()
2022-02-15 23:43:35,469 DEBUG      client.py              Сообщение от сервера: {'response': 200}
2022-02-15 23:43:35,469 DEBUG      client.py              Сообщение {'response': 200} успешно разобрано
2022-02-15 23:43:35,469 DEBUG      my_decorators.py       Вызвана функция process_ans с аргументами (({'response': 200},), {}).Вызов произведён из функции main()
2022-02-15 23:43:35,469 INFO       client.py              Принято сообщение от сервера: 200 : OK
2022-02-15 23:43:35,474 DEBUG      client.py              Запуск процессов.
2022-02-15 23:43:35,478 INFO       client.py              Вход в functional
2022-02-15 23:43:35,898 INFO       client.py              Получено сообщение для пользователя test2
2022-02-15 23:43:35,898 DEBUG      my_decorators.py       Вызвана функция create_presence с аргументами (('test2',), {}).Вызов произведён из функции main()
2022-02-15 23:43:35,899 DEBUG      client.py              Сообщение от сервера: {'response': 200}
2022-02-15 23:43:35,899 DEBUG      client.py              Сообщение {'response': 200} успешно разобрано
2022-02-15 23:43:35,899 DEBUG      my_decorators.py       Вызвана функция process_ans с аргументами (({'response': 200},), {}).Вызов произведён из функции main()
2022-02-15 23:43:35,899 INFO       client.py              Принято сообщение от сервера: 200 : OK
2022-02-15 23:43:35,901 DEBUG      client.py              Запуск процессов.
2022-02-15 23:43:35,901 INFO       client.py              Вход в functional
2022-02-15 23:43:36,408 DEBUG      client.py              Сообщение от сервера: {'response': 200}
2022-02-15 23:43:36,408 DEBUG      client.py              Сообщение {'response': 200} успешно разобрано
2022-02-15 23:43:36,409 DEBUG      my_decorators.py       Вызвана функция process_ans с аргументами (({'response': 200},), {}).Вызов произведён из функции main()
2022-02-15 23:43:36,409 INFO       client.py              Принято сообщение от сервера: 200 : OK
2022-02-15 23:43:36,509 DEBUG      client.py              Запуск процессов.
2022-02-15 23:43:36,509 INFO       client.py              Вход в functional
2022-02-15 23:51:07,180 DEBUG      my_decorators.py       Вызвана функция arg_parser с аргументами ((), {}).Вызов произведён из функции main()
2022-02-15 23:51:07,180 INFO       client.py              Получено сообщение для пользователя test1
2022-02-15 23:51:07,180 DEBUG      my_decorators.py       Вызвана функция create_presence с аргументами (('test1',), {}).Вызов произведён из функции main()
2022-02-15 23:51:07,180 DEBUG      my_decorators.py       Вызвана функция arg_parser с аргументами ((), {}).Вызов произведён из функции main()
2022-02-15 23:51:07,190 INFO       client.py              Получено сообщение для пользователя test3
2022-02-15 23:51:07,190 DEBUG      client.py              Сообщение от сервера: {'response': 200}
2022-02-15 23:51:07,190 DEBUG      client.py              Сообщение {'response': 200} успешно разобрано
2022-02-15 23:51:07,190 DEBUG      my_decorators.py       Вызвана функция process_ans с аргументами (({'response': 200},), {}).Вызов произведён из функции main()
2022-02-15 23:51:07,190 INFO       client.py              Принято сообщение от сервера: 200 : OK
2022-02-15 23:51:07,190 DEBUG      my_decorators.py       Вызвана функция create_presence с аргументами (('test3',), {}).Вызов произведён из функции main()
2022-02-15 23:51:07,192 DEBUG      my_decorators.py       Вызвана функция arg_parser с аргументами ((), {}).Вызов произведён из функции main()
2022-02-15 23:51:07,192 INFO       client.py              Получено сообщение для пользователя test2
2022-02-15 23:51:07,192 DEBUG      client.py              Сообщение от сервера: {'response': 200}
ентами (('test2',), {}).Вызов произведён из функции main()
2022-02-15 23:51:07,192 DEBUG      client.py              Сообщение {'response': 200} успешно разобрано
2022-02-15 23:51:07,192 DEBUG      my_decorators.py       Вызвана функция process_ans с аргументами (({'response': 200},), {}).Вызов произведён из функции main()
2022-02-15 23:51:07,192 INFO       client.py              Принято сообщение от сервера: 200 : OK
2022-02-15 23:51:07,198 DEBUG      client.py              Запуск процессов.
2022-02-15 23:51:07,198 DEBUG      client.py              Запуск процессов.
2022-02-15 23:51:07,201 INFO       client.py              Вход в functional
2022-02-15 23:51:07,201 INFO       client.py              Вход в functional
2022-02-15 23:51:07,708 DEBUG      client.py              Сообщение от сервера: {'response': 200}
2022-02-15 23:51:07,708 DEBUG      client.py              Сообщение {'response': 200} успешно разобрано
2022-02-15 23:51:07,708 DEBUG      my_decorators.py       Вызвана функция process_ans с аргументами (({'response': 200},), {}).Вызов произведён из функции main()
2022-02-15 23:51:07,708 INFO       client.py              Принято сообщение от сервера: 200 : OK
2022-02-15 23:51:07,708 DEBUG      client.py              Запуск процессов.
2022-02-15 23:51:07,708 INFO       client.py              Вход в functional
2022-02-15 23:51:25,647 DEBUG      my_decorators.py       Вызвана функция arg_parser с аргументами ((), {}).Вызов произведён из функции main()
2022-02-15 23:51:25,648 INFO       client.py              Получено сообщение для пользователя test1
2022-02-15 23:51:25,648 DEBUG      my_decorators.py       Вызвана функция create_presence с аргументами (('test1',), {}).Вызов произведён из функции main()
2022-02-15 23:51:25,729 DEBUG      my_decorators.py       Вызвана функция arg_parser с аргументами ((), {}).Вызов произведён из функции main()
2022-02-15 23:51:25,729 INFO       client.py              Получено сообщение для пользователя test3
2022-02-15 23:51:25,729 DEBUG      my_decorators.py       Вызвана функция create_presence с аргументами (('test3',), {}).Вызов произведён из функции main()
2022-02-15 23:51:25,729 DEBUG      client.py              Сообщение от сервера: {'response': 200}
2022-02-15 23:51:25,729 DEBUG      client.py              Сообщение {'response': 200} успешно разобрано
2022-02-15 23:51:25,729 DEBUG      my_decorators.py       Вызвана функция process_ans с аргументами (({'response': 200},), {}).Вызов произведён из функции main()
2022-02-15 23:51:25,729 INFO       client.py              Принято сообщение от сервера: 200 : OK
2022-02-15 23:51:25,733 DEBUG      client.py              Запуск процессов.
2022-02-15 23:51:25,733 INFO       client.py              Вход в functional
2022-02-15 23:51:25,743 DEBUG      my_decorators.py       Вызвана функция arg_parser с аргументами ((), {}).Вызов произведён из функции main()
2022-02-15 23:51:25,743 INFO       client.py              Получено сообщение для пользователя test2
2022-02-15 23:51:25,743 DEBUG      my_decorators.py       Вызвана функция create_presence с аргументами (('test2',), {}).Вызов произведён из функции main()
2022-02-15 23:51:25,748 DEBUG      client.py              Сообщение от сервера: {'response': 200}
2022-02-15 23:51:25,748 DEBUG      client.py              Сообщение {'response': 200} успешно разобрано
2022-02-15 23:51:25,748 DEBUG      my_decorators.py       Вызвана функция process_ans с аргументами (({'response': 200},), {}).Вызов произведён из функции main()
2022-02-15 23:51:25,748 INFO       client.py              Принято сообщение от сервера: 200 : OK
2022-02-15 23:51:25,748 DEBUG      client.py              Запуск процессов.
2022-02-15 23:51:25,748 INFO       client.py              Вход в functional
2022-02-15 23:51:26,253 DEBUG      client.py              Сообщение от сервера: {'response': 200}
2022-02-15 23:51:26,253 DEBUG      client.py              Сообщение {'response': 200} успешно разобрано
2022-02-15 23:51:26,253 DEBUG      my_decorators.py       Вызвана функция process_ans с аргументами (({'response': 200},), {}).Вызов произведён из функции main()
2022-02-15 23:51:26,253 INFO       client.py              Принято сообщение от сервера: 200 : OK
2022-02-15 23:51:26,253 DEBUG      client.py              Запуск процессов.
2022-02-15 23:51:26,259 INFO       client.py              Вход в functional
2022-02-15 23:53:54,117 DEBUG      my_decorators.py       Вызвана функция arg_parser с аргументами ((), {}).Вызов произведён из функции main()
2022-02-15 23:53:54,117 INFO       client.py              Получено сообщение для пользователя test1
2022-02-15 23:53:54,117 DEBUG      my_decorators.py       Вызвана функция create_presence с аргументами (('test1',), {}).Вызов произведён из функции main()
2022-02-15 23:53:54,191 DEBUG      my_decorators.py       Вызвана функция arg_parser с аргументами ((), {}).Вызов произведён из функции main()
2022-02-15 23:53:54,198 DEBUG      client.py              Сообщение от сервера: {'response': 200}
2022-02-15 23:53:54,198 DEBUG      client.py              Сообщение {'response': 200} успешно разобрано
2022-02-15 23:53:54,198 INFO       client.py              Получено сообщение для пользователя test2
2022-02-15 23:53:54,198 DEBUG      my_decorators.py       Вызвана функция process_ans с аргументами (({'response': 200},), {}).Вызов произведён из функции main()
2022-02-15 23:53:54,198 INFO       client.py              Принято сообщение от сервера: 200 : OK
2022-02-15 23:53:54,198 DEBUG      my_decorators.py       Вызвана функция create_presence с аргументами (('test2',), {}).Вызов произведён из функции main()
2022-02-15 23:53:54,246 DEBUG      my_decorators.py       Вызвана функция arg_parser с аргументами ((), {}).Вызов произведён из функции main()
2022-02-15 23:53:54,248 DEBUG      client.py              Запуск процессов.
2022-02-15 23:53:54,248 DEBUG      client.py              Сообщение от сервера: {'response': 200}
2022-02-15 23:53:54,248 DEBUG      client.py              Сообщение {'response': 200} успешно разобрано
2022-02-15 23:53:54,250 DEBUG      my_decorators.py       Вызвана функция process_ans с аргументами (({'response': 200},), {}).Вызов произведён из функции main()
2022-02-15 23:53:54,250 INFO       client.py              Принято сообщение от сервера: 200 : OK
2022-02-15 23:53:54,251 INFO       client.py              Получено сообщение для пользователя test3
2022-02-15 23:53:54,260 DEBUG      my_decorators.py       Вызвана функция create_presence с аргументами (('test3',), {}).Вызов произведён из функции main()
2022-02-15 23:53:54,262 INFO       client.py              Вход в functional
2022-02-15 23:53:54,262 DEBUG      client.py              Запуск процессов.
2022-02-15 23:53:54,262 INFO       client.py              Вход в functional
2022-02-15 23:53:54,769 DEBUG      client.py              Сообщение от сервера: {'response': 200}
2022-02-15 23:53:54,770 DEBUG      client.py              Сообщение {'response': 200} успешно разобрано
2022-02-15 23:53:54,770 DEBUG      my_decorators.py       Вызвана функция process_ans с аргументами (({'response': 200},), {}).Вызов произведён из функции main()
2022-02-15 23:53:54,770 INFO       client.py              Принято сообщение от сервера: 200 : OK
2022-02-15 23:53:54,770 DEBUG      client.py              Запуск процессов.
2022-02-15 23:53:54,770 INFO       client.py              Вход в functional
2022-02-15 23:54:38,759 DEBUG      client.py              Сформировано сообщение клиента test3
2022-02-15 23:54:38,759 INFO       client.py              Отправлено сообщение для пользовтаеля test1
2022-02-15 23:54:38,770 DEBUG      my_decorators.py       Вызвана функция create_mes с аргументами ((<socket.socket fd=464, family=AddressFamily.AF_INET, type=SocketKind.SOCK_STREAM, proto=0, laddr=('127.0.0.1', 63959), raddr=('127.0.0.1', 7777)>, 'test3'), {}).Вызов произведён из функции self._bootstrap_inner()
2022-02-15 23:54:39,210 ERROR      client.py              Получено некорректное сообщение с сервера: {'response': 400, 'error': 'Некорректный запрос.'}
2022-02-15 23:55:09,161 DEBUG      client.py              Сформировано сообщение клиента test1
2022-02-15 23:55:09,161 INFO       client.py              Отправлено сообщение для пользовтаеля test2
2022-02-15 23:55:09,161 DEBUG      my_decorators.py       Вызвана функция create_mes с аргументами ((<socket.socket fd=364, family=AddressFamily.AF_INET, type=SocketKind.SOCK_STREAM, proto=0, laddr=('127.0.0.1', 63957), raddr=('127.0.0.1', 7777)>, 'test1'), {}).Вызов произведён из функции self._bootstrap_inner()
2022-02-15 23:55:09,301 ERROR      client.py              Получено некорректное сообщение с сервера: {'response': 400, 'error': 'Некорректный запрос.'}
2022-02-16 00:16:35,210 DEBUG      my_decorators.py       Вызвана функция arg_parser с аргументами ((), {}).Вызов произведён из функции main()
2022-02-16 00:16:35,210 INFO       client.py              Получено сообщение для пользователя test1
2022-02-16 00:16:35,210 DEBUG      my_decorators.py       Вызвана функция create_presence с аргументами (('test1',), {}).Вызов произведён из функции main()
2022-02-16 00:16:35,240 DEBUG      my_decorators.py       Вызвана функция arg_parser с аргументами ((), {}).Вызов произведён из функции main()
2022-02-16 00:16:35,245 INFO       client.py              Получено сообщение для пользователя test2
2022-02-16 00:16:35,245 DEBUG      my_decorators.py       Вызвана функция create_presence с аргументами (('test2',), {}).Вызов произведён из функции main()
2022-02-16 00:16:35,245 DEBUG      client.py              Сообщение от сервера: {'response': 200}
2022-02-16 00:16:35,245 DEBUG      client.py              Сообщение {'response': 200} успешно разобрано
2022-02-16 00:16:35,245 DEBUG      my_decorators.py       Вызвана функция process_ans с аргументами (({'response': 200},), {}).Вызов произведён из функции main()
2022-02-16 00:16:35,245 INFO       client.py              Принято сообщение от сервера: 200 : OK
2022-02-16 00:16:35,245 DEBUG      client.py              Запуск процессов.
2022-02-16 00:16:35,245 INFO       client.py              Вход в functional
2022-02-16 00:16:35,252 DEBUG      my_decorators.py       Вызвана функция arg_parser с аргументами ((), {}).Вызов произведён из функции main()
2022-02-16 00:16:35,252 INFO       client.py              Получено сообщение для пользователя test3
2022-02-16 00:16:35,252 DEBUG      my_decorators.py       Вызвана функция create_presence с аргументами (('test3',), {}).Вызов произведён из функции main()
2022-02-16 00:16:35,252 DEBUG      client.py              Сообщение от сервера: {'response': 200}
2022-02-16 00:16:35,252 DEBUG      client.py              Сообщение {'response': 200} успешно разобрано
2022-02-16 00:16:35,252 DEBUG      my_decorators.py       Вызвана функция process_ans с аргументами (({'response': 200},), {}).Вызов произведён из функции main()
2022-02-16 00:16:35,252 INFO       client.py              Принято сообщение от сервера: 200 : OK
2022-02-16 00:16:35,252 DEBUG      client.py              Запуск процессов.
2022-02-16 00:16:35,252 INFO       client.py              Вход в functional
2022-02-16 00:16:35,756 DEBUG      client.py              Сообщение от сервера: {'response': 200}
2022-02-16 00:16:35,756 DEBUG      client.py              Сообщение {'response': 200} успешно разобрано
2022-02-16 00:16:35,756 DEBUG      my_decorators.py       Вызвана функция process_ans с аргументами (({'response': 200},), {}).Вызов произведён из функции main()
2022-02-16 00:16:35,756 INFO       client.py              Принято сообщение от сервера: 200 : OK
2022-02-16 00:16:35,756 DEBUG      client.py              Запуск процессов.
2022-02-16 00:16:35,760 INFO       client.py              Вход в functional
2022-02-16 00:16:51,682 DEBUG      client.py              Сформировано сообщение клиента test2
2022-02-16 00:16:51,682 INFO       client.py              Отправлено сообщение для пользовтаеля test1
2022-02-16 00:16:51,682 DEBUG      my_decorators.py       Вызвана функция create_mes с аргументами ((<socket.socket fd=420, family=AddressFamily.AF_INET, type=SocketKind.SOCK_STREAM, proto=0, laddr=('127.0.0.1', 65123), raddr=('127.0.0.1', 7777)>, 'test2'), {}).Вызов произведён из функции self._bootstrap_inner()
2022-02-16 00:16:52,091 INFO       client.py              Получено сообщение от пользователя test2:
meow
2022-02-16 00:16:58,991 CRITICAL   client.py              Потеряно соединение с сервером.
2022-02-16 00:16:58,991 DEBUG      my_decorators.py       Вызвана функция message_from_server с аргументами ((<socket.socket fd=440, family=AddressFamily.AF_INET, type=SocketKind.SOCK_STREAM, proto=0, laddr=('127.0.0.1', 65124), raddr=('127.0.0.1', 7777)>, 'test3'), {}).Вызов произведён из функции self._bootstrap_inner()
2022-03-01 18:05:41,639 DEBUG      my_decorators.py       Вызвана функция arg_parser с аргументами ((), {}).Вызов произведён из функции main()
2022-03-01 18:05:41,670 DEBUG      my_decorators.py       Вызвана функция arg_parser с аргументами ((), {}).Вызов произведён из функции main()
2022-03-01 18:05:41,670 DEBUG      my_decorators.py       Вызвана функция arg_parser с аргументами ((), {}).Вызов произведён из функции main()
2022-03-01 18:05:42,686 INFO       client.py              Получено сообщение для пользователя test3
2022-03-01 18:05:42,686 INFO       client.py              Получено сообщение для пользователя test1
2022-03-01 18:05:42,686 DEBUG      my_decorators.py       Вызвана функция create_presence с аргументами (('test3',), {}).Вызов произведён из функции main()
2022-03-01 18:05:42,686 DEBUG      my_decorators.py       Вызвана функция create_presence с аргументами (('test1',), {}).Вызов произведён из функции main()
2022-03-01 18:05:42,686 INFO       client.py              Получено сообщение для пользователя test2
2022-03-01 18:05:42,686 DEBUG      my_decorators.py       Вызвана функция create_presence с аргументами (('test2',), {}).Вызов произведён из функции main()
2022-03-01 18:05:42,701 DEBUG      client.py              Сообщение от сервера: {'response': 200}
2022-03-01 18:05:42,701 DEBUG      my_decorators.py       Вызвана функция process_ans с аргументами (({'response': 200},), {}).Вызов произведён из функции main()
2022-03-01 18:05:42,701 INFO       client.py              Принято сообщение от сервера: 200 : OK
2022-03-01 18:05:42,717 DEBUG      client.py              Запуск процессов.
2022-03-01 18:05:42,732 DEBUG      client.py              Сообщение от сервера: {'response': 200}
2022-03-01 18:05:42,732 DEBUG      my_decorators.py       Вызвана функция process_ans с аргументами (({'response': 200},), {}).Вызов произведён из функции main()
2022-03-01 18:05:42,732 INFO       client.py              Принято сообщение от сервера: 200 : OK
2022-03-01 18:05:42,732 DEBUG      client.py              Запуск процессов.
2022-03-01 18:05:42,748 DEBUG      client.py              Сообщение от сервера: {'response': 200}
2022-03-01 18:05:42,748 DEBUG      my_decorators.py       Вызвана функция process_ans с аргументами (({'response': 200},), {}).Вызов произведён из функции main()
2022-03-01 18:05:42,748 INFO       client.py              Принято сообщение от сервера: 200 : OK
2022-03-01 18:05:42,748 DEBUG      client.py              Запуск процессов.
2022-03-01 18:07:30,206 DEBUG      my_decorators.py       Вызвана функция arg_parser с аргументами ((), {}).Вызов произведён из функции main()
2022-03-01 18:07:30,206 DEBUG      my_decorators.py       Вызвана функция arg_parser с аргументами ((), {}).Вызов произведён из функции main()
2022-03-01 18:07:30,253 DEBUG      my_decorators.py       Вызвана функция arg_parser с аргументами ((), {}).Вызов произведён из функции main()
2022-03-01 18:07:30,722 INFO       client.py              Получено сообщение для пользователя test2
2022-03-01 18:07:30,722 DEBUG      my_decorators.py       Вызвана функция create_presence с аргументами (('test2',), {}).Вызов произведён из функции main()
2022-03-01 18:07:30,722 DEBUG      client.py              Сообщение от сервера: {'response': 200}
2022-03-01 18:07:30,722 DEBUG      client.py              Сообщение от сервера: {'response': 200}
тами (({'response': 200},), {}).Вызов произведён из функции main()
2022-03-01 18:07:30,722 INFO       client.py              Принято сообщение от сервера: 200 : OK
2022-03-01 18:07:30,722 DEBUG      my_decorators.py       Вызвана функция process_ans с аргументами (({'response': 200},), {}).Вызов произведён из функции main()
2022-03-01 18:07:30,722 INFO       client.py              Принято сообщение от сервера: 200 : OK
2022-03-01 18:07:30,722 DEBUG      client.py              Запуск процессов.
2022-03-01 18:07:30,722 DEBUG      client.py              Запуск процессов.
2022-03-01 18:07:30,769 INFO       client.py              Получено сообщение для пользователя test1
2022-03-01 18:07:30,769 DEBUG      my_decorators.py       Вызвана функция create_presence с аргументами (('test1',), {}).Вызов произведён из функции main()
2022-03-01 18:07:31,269 DEBUG      client.py              Сообщение от сервера: {'response': 200}
2022-03-01 18:07:31,269 DEBUG      my_decorators.py       Вызвана функция process_ans с аргументами (({'response': 200},), {}).Вызов произведён из функции main()
2022-03-01 18:07:31,269 INFO       client.py              Принято сообщение от сервера: 200 : OK
2022-03-01 18:07:31,269 DEBUG      client.py              Запуск процессов.
2022-03-01 18:14:54,940 DEBUG      my_decorators.py       Вызвана функция arg_parser с аргументами ((), {}).Вызов произведён из функции main()
2022-03-01 18:14:54,956 INFO       client.py              Запущен клиент с парамертами: адрес сервера: 127.0.0.1 , порт: 7777, имя пользователя: test1
2022-03-01 18:14:54,971 DEBUG      my_decorators.py       Вызвана функция arg_parser с аргументами ((), {}).Вызов произведён из функции main()
2022-03-01 18:14:54,971 INFO       client.py              Запущен клиент с парамертами: адрес сервера: 127.0.0.1 , порт: 7777, имя пользователя: test2
2022-03-01 18:14:55,471 INFO       client.py              Получено сообщение для пользователя test1
2022-03-01 18:14:55,471 DEBUG      my_decorators.py       Вызвана функция create_presence с аргументами (('test1',), {}).Вызов произведён из функции main()
2022-03-01 18:14:55,487 INFO       client.py              Получено сообщение для пользователя test2
2022-03-01 18:14:55,487 DEBUG      my_decorators.py       Вызвана функция create_presence с аргументами (('test2',), {}).Вызов произведён из функции main()
2022-03-01 18:14:55,487 DEBUG      client.py              Сообщение от сервера: {'response': 200}
2022-03-01 18:14:55,487 DEBUG      my_decorators.py       Вызвана функция process_ans с аргументами (({'response': 200},), {}).Вызов произведён из функции main()
2022-03-01 18:14:55,487 INFO       client.py              Принято сообщение от сервера: 200 : OK
2022-03-01 18:14:55,487 DEBUG      client.py              Запуск процессов.
2022-03-01 18:14:55,987 DEBUG      client.py              Сообщение от сервера: {'response': 200}
2022-03-01 18:14:55,987 DEBUG      my_decorators.py       Вызвана функция process_ans с аргументами (({'response': 200},), {}).Вызов произведён из функции main()
2022-03-01 18:14:55,987 INFO       client.py              Принято сообщение от сервера: 200 : OK
2022-03-01 18:14:55,987 DEBUG      client.py              Запуск процессов.
2022-03-01 18:19:19,112 DEBUG      my_decorators.py       Вызвана функция arg_parser с аргументами ((), {}).Вызов произведён из функции main()
2022-03-01 18:19:19,112 INFO       client.py              Запущен клиент с парамертами: адрес сервера: 127.0.0.1 , порт: 7777, имя пользователя: test1
2022-03-01 18:19:20,128 INFO       client.py              Получено сообщение для пользователя test1
2022-03-01 18:19:20,128 DEBUG      my_decorators.py       Вызвана функция create_presence с аргументами (('test1',), {}).Вызов произведён из функции main()
2022-03-01 18:19:20,628 DEBUG      client.py              Сообщение от сервера: {'response': 200}
2022-03-01 18:19:20,628 DEBUG      my_decorators.py       Вызвана функция process_ans с аргументами (({'response': 200},), {}).Вызов произведён из функции main()
2022-03-01 18:19:20,628 INFO       client.py              Принято сообщение от сервера: 200 : OK
2022-03-01 18:19:20,628 DEBUG      client.py              Запуск процессов.
